<?xml version="1.0" encoding="UTF-8"?>
<testsuite name="com.persons.finder.implementation.service.PersonServiceImplTest" tests="1" skipped="0" failures="0" errors="0" timestamp="2024-04-15T20:11:04" hostname="Felipe-Di-Bernardi-S-Thiago-Practiv.local" time="0.167">
  <properties/>
  <testcase name="Should return persons when they are within boundary()" classname="com.persons.finder.implementation.service.PersonServiceImplTest" time="0.167"/>
  <system-out><![CDATA[08:10:56.799 [Test worker] DEBUG org.springframework.test.context.BootstrapUtils - Instantiating CacheAwareContextLoaderDelegate from class [org.springframework.test.context.cache.DefaultCacheAwareContextLoaderDelegate]
08:10:56.804 [Test worker] DEBUG org.springframework.test.context.BootstrapUtils - Instantiating BootstrapContext using constructor [public org.springframework.test.context.support.DefaultBootstrapContext(java.lang.Class,org.springframework.test.context.CacheAwareContextLoaderDelegate)]
08:10:56.817 [Test worker] DEBUG org.springframework.test.context.BootstrapUtils - Instantiating TestContextBootstrapper for test class [com.persons.finder.implementation.service.PersonServiceImplTest] from class [org.springframework.boot.test.context.SpringBootTestContextBootstrapper]
08:10:56.822 [Test worker] INFO org.springframework.boot.test.context.SpringBootTestContextBootstrapper - Neither @ContextConfiguration nor @ContextHierarchy found for test class [com.persons.finder.implementation.service.PersonServiceImplTest], using SpringBootContextLoader
08:10:56.825 [Test worker] DEBUG org.springframework.test.context.support.AbstractContextLoader - Did not detect default resource location for test class [com.persons.finder.implementation.service.PersonServiceImplTest]: class path resource [com/persons/finder/implementation/service/PersonServiceImplTest-context.xml] does not exist
08:10:56.825 [Test worker] DEBUG org.springframework.test.context.support.AbstractContextLoader - Did not detect default resource location for test class [com.persons.finder.implementation.service.PersonServiceImplTest]: class path resource [com/persons/finder/implementation/service/PersonServiceImplTestContext.groovy] does not exist
08:10:56.825 [Test worker] INFO org.springframework.test.context.support.AbstractContextLoader - Could not detect default resource locations for test class [com.persons.finder.implementation.service.PersonServiceImplTest]: no resource found for suffixes {-context.xml, Context.groovy}.
08:10:56.825 [Test worker] INFO org.springframework.test.context.support.AnnotationConfigContextLoaderUtils - Could not detect default configuration classes for test class [com.persons.finder.implementation.service.PersonServiceImplTest]: PersonServiceImplTest does not declare any static, non-private, non-final, nested classes annotated with @Configuration.
08:10:56.856 [Test worker] DEBUG org.springframework.test.context.support.ActiveProfilesUtils - Could not find an 'annotation declaring class' for annotation type [org.springframework.test.context.ActiveProfiles] and class [com.persons.finder.implementation.service.PersonServiceImplTest]
08:10:56.889 [Test worker] DEBUG org.springframework.context.annotation.ClassPathScanningCandidateComponentProvider - Identified candidate component class: file [/Users/felipedibernardi/study/persons-finder/build/classes/kotlin/main/com/persons/finder/ApplicationStarter.class]
08:10:56.890 [Test worker] INFO org.springframework.boot.test.context.SpringBootTestContextBootstrapper - Found @SpringBootConfiguration com.persons.finder.ApplicationStarter for test class com.persons.finder.implementation.service.PersonServiceImplTest
08:10:56.930 [Test worker] DEBUG org.springframework.boot.test.context.SpringBootTestContextBootstrapper - @TestExecutionListeners is not present for class [com.persons.finder.implementation.service.PersonServiceImplTest]: using defaults.
08:10:56.931 [Test worker] INFO org.springframework.boot.test.context.SpringBootTestContextBootstrapper - Loaded default TestExecutionListener class names from location [META-INF/spring.factories]: [org.springframework.boot.test.autoconfigure.restdocs.RestDocsTestExecutionListener, org.springframework.boot.test.autoconfigure.web.client.MockRestServiceServerResetTestExecutionListener, org.springframework.boot.test.autoconfigure.web.servlet.MockMvcPrintOnlyOnFailureTestExecutionListener, org.springframework.boot.test.autoconfigure.web.servlet.WebDriverTestExecutionListener, org.springframework.boot.test.autoconfigure.webservices.client.MockWebServiceServerTestExecutionListener, org.springframework.boot.test.mock.mockito.MockitoTestExecutionListener, org.springframework.boot.test.mock.mockito.ResetMocksTestExecutionListener, org.springframework.test.context.web.ServletTestExecutionListener, org.springframework.test.context.support.DirtiesContextBeforeModesTestExecutionListener, org.springframework.test.context.event.ApplicationEventsTestExecutionListener, org.springframework.test.context.support.DependencyInjectionTestExecutionListener, org.springframework.test.context.support.DirtiesContextTestExecutionListener, org.springframework.test.context.transaction.TransactionalTestExecutionListener, org.springframework.test.context.jdbc.SqlScriptsTestExecutionListener, org.springframework.test.context.event.EventPublishingTestExecutionListener]
08:10:56.938 [Test worker] INFO org.springframework.boot.test.context.SpringBootTestContextBootstrapper - Using TestExecutionListeners: [org.springframework.test.context.web.ServletTestExecutionListener@3f446bef, org.springframework.test.context.support.DirtiesContextBeforeModesTestExecutionListener@7829b776, org.springframework.test.context.event.ApplicationEventsTestExecutionListener@5778826f, org.springframework.boot.test.mock.mockito.MockitoTestExecutionListener@5b64c4b7, org.springframework.boot.test.autoconfigure.SpringBootDependencyInjectionTestExecutionListener@4763c727, org.springframework.test.context.support.DirtiesContextTestExecutionListener@72445aba, org.springframework.test.context.transaction.TransactionalTestExecutionListener@61bcd567, org.springframework.test.context.jdbc.SqlScriptsTestExecutionListener@1c80e49b, org.springframework.test.context.event.EventPublishingTestExecutionListener@458342d3, org.springframework.boot.test.autoconfigure.restdocs.RestDocsTestExecutionListener@15c25153, org.springframework.boot.test.autoconfigure.web.client.MockRestServiceServerResetTestExecutionListener@1252b961, org.springframework.boot.test.autoconfigure.web.servlet.MockMvcPrintOnlyOnFailureTestExecutionListener@9ed238c, org.springframework.boot.test.autoconfigure.web.servlet.WebDriverTestExecutionListener@56276db8, org.springframework.boot.test.autoconfigure.webservices.client.MockWebServiceServerTestExecutionListener@51e8e6e6, org.springframework.boot.test.mock.mockito.ResetMocksTestExecutionListener@56f6d40b]

  .   ____          _            __ _ _
 /\\ / ___'_ __ _ _(_)_ __  __ _ \ \ \ \
( ( )\___ | '_ | '_| | '_ \/ _` | \ \ \ \
 \\/  ___)| |_)| | | | | || (_| |  ) ) ) )
  '  |____| .__|_| |_|_| |_\__, | / / / /
 =========|_|==============|___/=/_/_/_/
 :: Spring Boot ::                (v2.7.0)

2024-04-16 08:11:02.106  INFO 4685 --- [    Test worker] c.p.f.i.service.PersonServiceImplTest    : Starting PersonServiceImplTest using Java 17.0.5 on Felipe-Di-Bernardi-S-Thiago-Practiv.local with PID 4685 (started by felipedibernardi in /Users/felipedibernardi/study/persons-finder)
2024-04-16 08:11:02.108  INFO 4685 --- [    Test worker] c.p.f.i.service.PersonServiceImplTest    : No active profile set, falling back to 1 default profile: "default"
2024-04-16 08:11:02.421  INFO 4685 --- [    Test worker] .s.d.r.c.RepositoryConfigurationDelegate : Bootstrapping Spring Data JPA repositories in DEFAULT mode.
2024-04-16 08:11:02.452  INFO 4685 --- [    Test worker] .s.d.r.c.RepositoryConfigurationDelegate : Finished Spring Data repository scanning in 27 ms. Found 1 JPA repository interfaces.
2024-04-16 08:11:02.717  INFO 4685 --- [    Test worker] com.zaxxer.hikari.HikariDataSource       : HikariPool-1 - Starting...
2024-04-16 08:11:02.818  INFO 4685 --- [    Test worker] com.zaxxer.hikari.HikariDataSource       : HikariPool-1 - Start completed.
2024-04-16 08:11:02.854  INFO 4685 --- [    Test worker] o.hibernate.jpa.internal.util.LogHelper  : HHH000204: Processing PersistenceUnitInfo [name: default]
2024-04-16 08:11:02.895  INFO 4685 --- [    Test worker] org.hibernate.Version                    : HHH000412: Hibernate ORM core version 5.6.9.Final
2024-04-16 08:11:02.994  INFO 4685 --- [    Test worker] o.hibernate.annotations.common.Version   : HCANN000001: Hibernate Commons Annotations {5.1.2.Final}
2024-04-16 08:11:03.045  INFO 4685 --- [    Test worker] org.hibernate.dialect.Dialect            : HHH000400: Using dialect: org.hibernate.dialect.H2Dialect
2024-04-16 08:11:03.225  INFO 4685 --- [    Test worker] o.h.e.t.j.p.i.JtaPlatformInitiator       : HHH000490: Using JtaPlatform implementation: [org.hibernate.engine.transaction.jta.platform.internal.NoJtaPlatform]
2024-04-16 08:11:03.229  INFO 4685 --- [    Test worker] j.LocalContainerEntityManagerFactoryBean : Initialized JPA EntityManagerFactory for persistence unit 'default'
2024-04-16 08:11:03.758  WARN 4685 --- [    Test worker] JpaBaseConfiguration$JpaWebConfiguration : spring.jpa.open-in-view is enabled by default. Therefore, database queries may be performed during view rendering. Explicitly configure spring.jpa.open-in-view to disable this warning
2024-04-16 08:11:03.986  INFO 4685 --- [    Test worker] c.p.f.i.service.PersonServiceImplTest    : Started PersonServiceImplTest in 7.034 seconds (JVM running for 7.6)
]]></system-out>
  <system-err><![CDATA[]]></system-err>
</testsuite>
